<?xml version="1.0" encoding="UTF-8"?>
<!-- Generated by org.testng.reporters.JUnitXMLReporter -->
<testsuite ignored="0" hostname="Anaras-MacBook-Pro.local" failures="2" tests="103" name="Edge test cases" time="2.719" errors="0" timestamp="2020-06-09T20:48:52 PDT">
  <testcase classname="com.romanceabroad.ui.BaseUI" name="@BeforeMethod setup" time="0.001">
    <failure type="java.lang.NullPointerException">
      <![CDATA[java.lang.NullPointerException
at com.romanceabroad.ui.BaseUI.setup(BaseUI.java:57)
at java.base/java.util.ArrayList.forEach(ArrayList.java:1540)
at java.base/java.util.concurrent.FutureTask.run(FutureTask.java:264)
at java.base/java.util.concurrent.ThreadPoolExecutor.runWorker(ThreadPoolExecutor.java:1128)
at java.base/java.util.concurrent.ThreadPoolExecutor$Worker.run(ThreadPoolExecutor.java:628)
at java.base/java.lang.Thread.run(Thread.java:834)
... Removed 21 stack frames]]>
    </failure>
  </testcase> <!-- @BeforeMethod setup -->
  <testcase classname="com.romanceabroad.ui.BaseUI" name="@AfterMethod closeBrowser" time="-1.591760929508E9">
    <skipped/>
  </testcase> <!-- @AfterMethod closeBrowser -->
  <testcase classname="com.romanceabroad.ui.BaseUI" name="@BeforeMethod setup" time="0.0">
    <failure type="java.lang.NullPointerException">
      <![CDATA[java.lang.NullPointerException
at com.romanceabroad.ui.BaseUI.setup(BaseUI.java:57)
at java.base/java.util.ArrayList.forEach(ArrayList.java:1540)
at java.base/java.util.concurrent.FutureTask.run(FutureTask.java:264)
at java.base/java.util.concurrent.ThreadPoolExecutor.runWorker(ThreadPoolExecutor.java:1128)
at java.base/java.util.concurrent.ThreadPoolExecutor$Worker.run(ThreadPoolExecutor.java:628)
at java.base/java.lang.Thread.run(Thread.java:834)
... Removed 21 stack frames]]>
    </failure>
  </testcase> <!-- @BeforeMethod setup -->
  <testcase classname="com.romanceabroad.ui.BaseUI" name="@AfterMethod closeBrowser" time="-1.591760929846E9">
    <skipped/>
  </testcase> <!-- @AfterMethod closeBrowser -->
  <testcase classname="com.romanceabroad.ui.BaseUI" name="@BeforeMethod setup" time="0.0">
    <failure type="java.lang.NullPointerException">
      <![CDATA[java.lang.NullPointerException
at com.romanceabroad.ui.BaseUI.setup(BaseUI.java:57)
at java.base/java.util.ArrayList.forEach(ArrayList.java:1540)
at java.base/java.util.concurrent.FutureTask.run(FutureTask.java:264)
at java.base/java.util.concurrent.ThreadPoolExecutor.runWorker(ThreadPoolExecutor.java:1128)
at java.base/java.util.concurrent.ThreadPoolExecutor$Worker.run(ThreadPoolExecutor.java:628)
at java.base/java.lang.Thread.run(Thread.java:834)
... Removed 21 stack frames]]>
    </failure>
  </testcase> <!-- @BeforeMethod setup -->
  <testcase classname="com.romanceabroad.ui.BaseUI" name="@AfterMethod closeBrowser" time="-1.591760929848E9">
    <skipped/>
  </testcase> <!-- @AfterMethod closeBrowser -->
  <testcase classname="com.romanceabroad.ui.BaseUI" name="@BeforeMethod setup" time="0.0">
    <failure type="java.lang.NullPointerException">
      <![CDATA[java.lang.NullPointerException
at com.romanceabroad.ui.BaseUI.setup(BaseUI.java:57)
at java.base/java.util.ArrayList.forEach(ArrayList.java:1540)
at java.base/java.util.concurrent.FutureTask.run(FutureTask.java:264)
at java.base/java.util.concurrent.ThreadPoolExecutor.runWorker(ThreadPoolExecutor.java:1128)
at java.base/java.util.concurrent.ThreadPoolExecutor$Worker.run(ThreadPoolExecutor.java:628)
at java.base/java.lang.Thread.run(Thread.java:834)
... Removed 21 stack frames]]>
    </failure>
  </testcase> <!-- @BeforeMethod setup -->
  <testcase classname="com.romanceabroad.ui.BaseUI" name="@AfterMethod closeBrowser" time="-1.59176093024E9">
    <skipped/>
  </testcase> <!-- @AfterMethod closeBrowser -->
  <testcase classname="com.romanceabroad.ui.BaseUI" name="@BeforeMethod setup" time="0.001">
    <failure type="java.lang.NullPointerException">
      <![CDATA[java.lang.NullPointerException
at com.romanceabroad.ui.BaseUI.setup(BaseUI.java:57)
at java.base/java.util.ArrayList.forEach(ArrayList.java:1540)
at java.base/java.util.concurrent.FutureTask.run(FutureTask.java:264)
at java.base/java.util.concurrent.ThreadPoolExecutor.runWorker(ThreadPoolExecutor.java:1128)
at java.base/java.util.concurrent.ThreadPoolExecutor$Worker.run(ThreadPoolExecutor.java:628)
at java.base/java.lang.Thread.run(Thread.java:834)
... Removed 21 stack frames]]>
    </failure>
  </testcase> <!-- @BeforeMethod setup -->
  <testcase classname="com.romanceabroad.ui.BaseUI" name="@AfterMethod closeBrowser" time="-1.591760930529E9">
    <skipped/>
  </testcase> <!-- @AfterMethod closeBrowser -->
  <testcase classname="com.romanceabroad.ui.BaseUI" name="@BeforeMethod setup" time="0.0">
    <failure type="java.lang.NullPointerException">
      <![CDATA[java.lang.NullPointerException
at com.romanceabroad.ui.BaseUI.setup(BaseUI.java:57)
at java.base/java.util.ArrayList.forEach(ArrayList.java:1540)
at java.base/java.util.concurrent.FutureTask.run(FutureTask.java:264)
at java.base/java.util.concurrent.ThreadPoolExecutor.runWorker(ThreadPoolExecutor.java:1128)
at java.base/java.util.concurrent.ThreadPoolExecutor$Worker.run(ThreadPoolExecutor.java:628)
at java.base/java.lang.Thread.run(Thread.java:834)
... Removed 21 stack frames]]>
    </failure>
  </testcase> <!-- @BeforeMethod setup -->
  <testcase classname="com.romanceabroad.ui.BaseUI" name="@AfterMethod closeBrowser" time="-1.591760930836E9">
    <skipped/>
  </testcase> <!-- @AfterMethod closeBrowser -->
  <testcase classname="com.romanceabroad.ui.BaseUI" name="@BeforeMethod setup" time="0.001">
    <failure type="java.lang.NullPointerException">
      <![CDATA[java.lang.NullPointerException
at com.romanceabroad.ui.BaseUI.setup(BaseUI.java:57)
at java.base/java.util.ArrayList.forEach(ArrayList.java:1540)
at java.base/java.util.concurrent.FutureTask.run(FutureTask.java:264)
at java.base/java.util.concurrent.ThreadPoolExecutor.runWorker(ThreadPoolExecutor.java:1128)
at java.base/java.util.concurrent.ThreadPoolExecutor$Worker.run(ThreadPoolExecutor.java:628)
at java.base/java.lang.Thread.run(Thread.java:834)
... Removed 21 stack frames]]>
    </failure>
  </testcase> <!-- @BeforeMethod setup -->
  <testcase classname="com.romanceabroad.ui.BaseUI" name="@AfterMethod closeBrowser" time="-1.591760931166E9">
    <skipped/>
  </testcase> <!-- @AfterMethod closeBrowser -->
  <testcase classname="com.romanceabroad.ui.BaseUI" name="@BeforeMethod setup" time="0.001">
    <failure type="java.lang.NullPointerException">
      <![CDATA[java.lang.NullPointerException
at com.romanceabroad.ui.BaseUI.setup(BaseUI.java:57)
at java.base/java.util.ArrayList.forEach(ArrayList.java:1540)
at java.base/java.util.concurrent.FutureTask.run(FutureTask.java:264)
at java.base/java.util.concurrent.ThreadPoolExecutor.runWorker(ThreadPoolExecutor.java:1128)
at java.base/java.util.concurrent.ThreadPoolExecutor$Worker.run(ThreadPoolExecutor.java:628)
at java.base/java.lang.Thread.run(Thread.java:834)
... Removed 21 stack frames]]>
    </failure>
  </testcase> <!-- @BeforeMethod setup -->
  <testcase classname="com.romanceabroad.ui.BaseUI" name="@AfterMethod closeBrowser" time="-1.591760931562E9">
    <skipped/>
  </testcase> <!-- @AfterMethod closeBrowser -->
  <testcase classname="com.romanceabroad.ui.BaseUI" name="@BeforeMethod setup" time="0.0">
    <failure type="java.lang.NullPointerException">
      <![CDATA[java.lang.NullPointerException
at com.romanceabroad.ui.BaseUI.setup(BaseUI.java:57)
at java.base/java.util.ArrayList.forEach(ArrayList.java:1540)
at java.base/java.util.concurrent.FutureTask.run(FutureTask.java:264)
at java.base/java.util.concurrent.ThreadPoolExecutor.runWorker(ThreadPoolExecutor.java:1128)
at java.base/java.util.concurrent.ThreadPoolExecutor$Worker.run(ThreadPoolExecutor.java:628)
at java.base/java.lang.Thread.run(Thread.java:834)
... Removed 21 stack frames]]>
    </failure>
  </testcase> <!-- @BeforeMethod setup -->
  <testcase classname="com.romanceabroad.ui.BaseUI" name="@AfterMethod closeBrowser" time="-1.591760931991E9">
    <skipped/>
  </testcase> <!-- @AfterMethod closeBrowser -->
  <testcase classname="com.romanceabroad.ui.BaseUI" name="@BeforeMethod setup" time="0.001">
    <failure type="java.lang.NullPointerException">
      <![CDATA[java.lang.NullPointerException
at com.romanceabroad.ui.BaseUI.setup(BaseUI.java:57)
at java.base/java.util.ArrayList.forEach(ArrayList.java:1540)
at java.base/java.util.concurrent.FutureTask.run(FutureTask.java:264)
at java.base/java.util.concurrent.ThreadPoolExecutor.runWorker(ThreadPoolExecutor.java:1128)
at java.base/java.util.concurrent.ThreadPoolExecutor$Worker.run(ThreadPoolExecutor.java:628)
at java.base/java.lang.Thread.run(Thread.java:834)
... Removed 21 stack frames]]>
    </failure>
  </testcase> <!-- @BeforeMethod setup -->
  <testcase classname="com.romanceabroad.ui.BaseUI" name="@BeforeMethod setup" time="0.001">
    <failure type="java.lang.NullPointerException">
      <![CDATA[java.lang.NullPointerException
at com.romanceabroad.ui.BaseUI.setup(BaseUI.java:57)
at java.base/java.util.ArrayList.forEach(ArrayList.java:1540)
at java.base/java.util.concurrent.FutureTask.run(FutureTask.java:264)
at java.base/java.util.concurrent.ThreadPoolExecutor.runWorker(ThreadPoolExecutor.java:1128)
at java.base/java.util.concurrent.ThreadPoolExecutor$Worker.run(ThreadPoolExecutor.java:628)
at java.base/java.lang.Thread.run(Thread.java:834)
... Removed 21 stack frames]]>
    </failure>
  </testcase> <!-- @BeforeMethod setup -->
  <testcase classname="com.romanceabroad.ui.BaseUI" name="@AfterMethod closeBrowser" time="-1.591760932155E9">
    <skipped/>
  </testcase> <!-- @AfterMethod closeBrowser -->
  <testcase classname="com.romanceabroad.ui.BaseUI" name="@BeforeMethod setup" time="0.0">
    <failure type="java.lang.NullPointerException">
      <![CDATA[java.lang.NullPointerException
at com.romanceabroad.ui.BaseUI.setup(BaseUI.java:57)
at java.base/java.util.ArrayList.forEach(ArrayList.java:1540)
at java.base/java.util.concurrent.FutureTask.run(FutureTask.java:264)
at java.base/java.util.concurrent.ThreadPoolExecutor.runWorker(ThreadPoolExecutor.java:1128)
at java.base/java.util.concurrent.ThreadPoolExecutor$Worker.run(ThreadPoolExecutor.java:628)
at java.base/java.lang.Thread.run(Thread.java:834)
... Removed 21 stack frames]]>
    </failure>
  </testcase> <!-- @BeforeMethod setup -->
  <testcase classname="com.romanceabroad.ui.BaseUI" name="@AfterMethod closeBrowser" time="-1.591760932156E9">
    <skipped/>
  </testcase> <!-- @AfterMethod closeBrowser -->
  <testcase classname="com.romanceabroad.ui.BaseUI" name="@BeforeMethod setup" time="0.0">
    <failure type="java.lang.NullPointerException">
      <![CDATA[java.lang.NullPointerException
at com.romanceabroad.ui.BaseUI.setup(BaseUI.java:57)
at java.base/java.util.ArrayList.forEach(ArrayList.java:1540)
at java.base/java.util.concurrent.FutureTask.run(FutureTask.java:264)
at java.base/java.util.concurrent.ThreadPoolExecutor.runWorker(ThreadPoolExecutor.java:1128)
at java.base/java.util.concurrent.ThreadPoolExecutor$Worker.run(ThreadPoolExecutor.java:628)
at java.base/java.lang.Thread.run(Thread.java:834)
... Removed 21 stack frames]]>
    </failure>
  </testcase> <!-- @BeforeMethod setup -->
  <testcase classname="com.romanceabroad.ui.BaseUI" name="@AfterMethod closeBrowser" time="-1.591760932157E9">
    <skipped/>
  </testcase> <!-- @AfterMethod closeBrowser -->
  <testcase classname="com.romanceabroad.ui.BaseUI" name="@BeforeMethod setup" time="0.001">
    <failure type="java.lang.NullPointerException">
      <![CDATA[java.lang.NullPointerException
at com.romanceabroad.ui.BaseUI.setup(BaseUI.java:57)
at java.base/java.util.ArrayList.forEach(ArrayList.java:1540)
at java.base/java.util.concurrent.FutureTask.run(FutureTask.java:264)
at java.base/java.util.concurrent.ThreadPoolExecutor.runWorker(ThreadPoolExecutor.java:1128)
at java.base/java.util.concurrent.ThreadPoolExecutor$Worker.run(ThreadPoolExecutor.java:628)
at java.base/java.lang.Thread.run(Thread.java:834)
... Removed 21 stack frames]]>
    </failure>
  </testcase> <!-- @BeforeMethod setup -->
  <testcase classname="com.romanceabroad.ui.BaseUI" name="@AfterMethod closeBrowser" time="-1.591760932158E9">
    <skipped/>
  </testcase> <!-- @AfterMethod closeBrowser -->
  <testcase classname="com.romanceabroad.ui.BaseUI" name="@BeforeMethod setup" time="0.001">
    <failure type="java.lang.NullPointerException">
      <![CDATA[java.lang.NullPointerException
at com.romanceabroad.ui.BaseUI.setup(BaseUI.java:57)
at java.base/java.util.ArrayList.forEach(ArrayList.java:1540)
at java.base/java.util.concurrent.FutureTask.run(FutureTask.java:264)
at java.base/java.util.concurrent.ThreadPoolExecutor.runWorker(ThreadPoolExecutor.java:1128)
at java.base/java.util.concurrent.ThreadPoolExecutor$Worker.run(ThreadPoolExecutor.java:628)
at java.base/java.lang.Thread.run(Thread.java:834)
... Removed 21 stack frames]]>
    </failure>
  </testcase> <!-- @BeforeMethod setup -->
  <testcase classname="com.romanceabroad.ui.BaseUI" name="@AfterMethod closeBrowser" time="-1.591760932159E9">
    <skipped/>
  </testcase> <!-- @AfterMethod closeBrowser -->
  <testcase classname="com.romanceabroad.ui.BaseUI" name="@BeforeMethod setup" time="0.001">
    <failure type="java.lang.NullPointerException">
      <![CDATA[java.lang.NullPointerException
at com.romanceabroad.ui.BaseUI.setup(BaseUI.java:57)
at java.base/java.util.ArrayList.forEach(ArrayList.java:1540)
at java.base/java.util.concurrent.FutureTask.run(FutureTask.java:264)
at java.base/java.util.concurrent.ThreadPoolExecutor.runWorker(ThreadPoolExecutor.java:1128)
at java.base/java.util.concurrent.ThreadPoolExecutor$Worker.run(ThreadPoolExecutor.java:628)
at java.base/java.lang.Thread.run(Thread.java:834)
... Removed 21 stack frames]]>
    </failure>
  </testcase> <!-- @BeforeMethod setup -->
  <testcase classname="com.romanceabroad.ui.BaseUI" name="@AfterMethod closeBrowser" time="-1.59176093216E9">
    <skipped/>
  </testcase> <!-- @AfterMethod closeBrowser -->
  <testcase classname="com.romanceabroad.ui.BaseUI" name="@BeforeMethod setup" time="0.001">
    <failure type="java.lang.NullPointerException">
      <![CDATA[java.lang.NullPointerException
at com.romanceabroad.ui.BaseUI.setup(BaseUI.java:57)
at java.base/java.util.ArrayList.forEach(ArrayList.java:1540)
at java.base/java.util.concurrent.FutureTask.run(FutureTask.java:264)
at java.base/java.util.concurrent.ThreadPoolExecutor.runWorker(ThreadPoolExecutor.java:1128)
at java.base/java.util.concurrent.ThreadPoolExecutor$Worker.run(ThreadPoolExecutor.java:628)
at java.base/java.lang.Thread.run(Thread.java:834)
... Removed 21 stack frames]]>
    </failure>
  </testcase> <!-- @BeforeMethod setup -->
  <testcase classname="com.romanceabroad.ui.BaseUI" name="@AfterMethod closeBrowser" time="-1.591760932161E9">
    <skipped/>
  </testcase> <!-- @AfterMethod closeBrowser -->
  <testcase classname="com.romanceabroad.ui.BaseUI" name="@BeforeMethod setup" time="0.0">
    <failure type="java.lang.NullPointerException">
      <![CDATA[java.lang.NullPointerException
at com.romanceabroad.ui.BaseUI.setup(BaseUI.java:57)
at java.base/java.util.ArrayList.forEach(ArrayList.java:1540)
at java.base/java.util.concurrent.FutureTask.run(FutureTask.java:264)
at java.base/java.util.concurrent.ThreadPoolExecutor.runWorker(ThreadPoolExecutor.java:1128)
at java.base/java.util.concurrent.ThreadPoolExecutor$Worker.run(ThreadPoolExecutor.java:628)
at java.base/java.lang.Thread.run(Thread.java:834)
... Removed 21 stack frames]]>
    </failure>
  </testcase> <!-- @BeforeMethod setup -->
  <testcase classname="com.romanceabroad.ui.BaseUI" name="@AfterMethod closeBrowser" time="-1.591760932164E9">
    <skipped/>
  </testcase> <!-- @AfterMethod closeBrowser -->
  <testcase classname="com.romanceabroad.ui.BaseUI" name="@BeforeMethod setup" time="0.0">
    <failure type="java.lang.NullPointerException">
      <![CDATA[java.lang.NullPointerException
at com.romanceabroad.ui.BaseUI.setup(BaseUI.java:57)
at java.base/java.util.ArrayList.forEach(ArrayList.java:1540)
at java.base/java.util.concurrent.FutureTask.run(FutureTask.java:264)
at java.base/java.util.concurrent.ThreadPoolExecutor.runWorker(ThreadPoolExecutor.java:1128)
at java.base/java.util.concurrent.ThreadPoolExecutor$Worker.run(ThreadPoolExecutor.java:628)
at java.base/java.lang.Thread.run(Thread.java:834)
... Removed 21 stack frames]]>
    </failure>
  </testcase> <!-- @BeforeMethod setup -->
  <testcase classname="com.romanceabroad.ui.BaseUI" name="@AfterMethod closeBrowser" time="-1.591760932165E9">
    <skipped/>
  </testcase> <!-- @AfterMethod closeBrowser -->
  <testcase classname="com.romanceabroad.ui.BaseUI" name="@BeforeMethod setup" time="0.0">
    <failure type="java.lang.NullPointerException">
      <![CDATA[java.lang.NullPointerException
at com.romanceabroad.ui.BaseUI.setup(BaseUI.java:57)
at java.base/java.util.ArrayList.forEach(ArrayList.java:1540)
at java.base/java.util.concurrent.FutureTask.run(FutureTask.java:264)
at java.base/java.util.concurrent.ThreadPoolExecutor.runWorker(ThreadPoolExecutor.java:1128)
at java.base/java.util.concurrent.ThreadPoolExecutor$Worker.run(ThreadPoolExecutor.java:628)
at java.base/java.lang.Thread.run(Thread.java:834)
... Removed 21 stack frames]]>
    </failure>
  </testcase> <!-- @BeforeMethod setup -->
  <testcase classname="com.romanceabroad.ui.BaseUI" name="@AfterMethod closeBrowser" time="-1.591760932166E9">
    <skipped/>
  </testcase> <!-- @AfterMethod closeBrowser -->
  <testcase classname="com.romanceabroad.ui.BaseUI" name="@BeforeMethod setup" time="0.001">
    <failure type="java.lang.NullPointerException">
      <![CDATA[java.lang.NullPointerException
at com.romanceabroad.ui.BaseUI.setup(BaseUI.java:57)
at java.base/java.util.ArrayList.forEach(ArrayList.java:1540)
at java.base/java.util.concurrent.FutureTask.run(FutureTask.java:264)
at java.base/java.util.concurrent.ThreadPoolExecutor.runWorker(ThreadPoolExecutor.java:1128)
at java.base/java.util.concurrent.ThreadPoolExecutor$Worker.run(ThreadPoolExecutor.java:628)
at java.base/java.lang.Thread.run(Thread.java:834)
... Removed 21 stack frames]]>
    </failure>
  </testcase> <!-- @BeforeMethod setup -->
  <testcase classname="com.romanceabroad.ui.BaseUI" name="@AfterMethod closeBrowser" time="-1.591760932167E9">
    <skipped/>
  </testcase> <!-- @AfterMethod closeBrowser -->
  <testcase classname="com.romanceabroad.ui.BaseUI" name="@BeforeMethod setup" time="0.001">
    <failure type="java.lang.NullPointerException">
      <![CDATA[java.lang.NullPointerException
at com.romanceabroad.ui.BaseUI.setup(BaseUI.java:57)
at java.base/java.util.ArrayList.forEach(ArrayList.java:1540)
at java.base/java.util.concurrent.FutureTask.run(FutureTask.java:264)
at java.base/java.util.concurrent.ThreadPoolExecutor.runWorker(ThreadPoolExecutor.java:1128)
at java.base/java.util.concurrent.ThreadPoolExecutor$Worker.run(ThreadPoolExecutor.java:628)
at java.base/java.lang.Thread.run(Thread.java:834)
... Removed 21 stack frames]]>
    </failure>
  </testcase> <!-- @BeforeMethod setup -->
  <testcase classname="com.romanceabroad.ui.BaseUI" name="@AfterMethod closeBrowser" time="-1.591760932168E9">
    <skipped/>
  </testcase> <!-- @AfterMethod closeBrowser -->
  <testcase classname="com.romanceabroad.ui.BaseUI" name="@BeforeMethod setup" time="0.001">
    <failure type="java.lang.NullPointerException">
      <![CDATA[java.lang.NullPointerException
at com.romanceabroad.ui.BaseUI.setup(BaseUI.java:57)
at java.base/java.util.ArrayList.forEach(ArrayList.java:1540)
at java.base/java.util.concurrent.FutureTask.run(FutureTask.java:264)
at java.base/java.util.concurrent.ThreadPoolExecutor.runWorker(ThreadPoolExecutor.java:1128)
at java.base/java.util.concurrent.ThreadPoolExecutor$Worker.run(ThreadPoolExecutor.java:628)
at java.base/java.lang.Thread.run(Thread.java:834)
... Removed 21 stack frames]]>
    </failure>
  </testcase> <!-- @BeforeMethod setup -->
  <testcase classname="com.romanceabroad.ui.BaseUI" name="@AfterMethod closeBrowser" time="-1.591760932169E9">
    <skipped/>
  </testcase> <!-- @AfterMethod closeBrowser -->
  <testcase classname="com.romanceabroad.ui.BaseUI" name="@BeforeMethod setup" time="0.0">
    <failure type="java.lang.NullPointerException">
      <![CDATA[java.lang.NullPointerException
at com.romanceabroad.ui.BaseUI.setup(BaseUI.java:57)
at java.base/java.util.ArrayList.forEach(ArrayList.java:1540)
at java.base/java.util.concurrent.FutureTask.run(FutureTask.java:264)
at java.base/java.util.concurrent.ThreadPoolExecutor.runWorker(ThreadPoolExecutor.java:1128)
at java.base/java.util.concurrent.ThreadPoolExecutor$Worker.run(ThreadPoolExecutor.java:628)
at java.base/java.lang.Thread.run(Thread.java:834)
... Removed 21 stack frames]]>
    </failure>
  </testcase> <!-- @BeforeMethod setup -->
  <testcase classname="com.romanceabroad.ui.BaseUI" name="@AfterMethod closeBrowser" time="-1.59176093217E9">
    <skipped/>
  </testcase> <!-- @AfterMethod closeBrowser -->
  <testcase classname="com.romanceabroad.ui.BaseUI" name="@BeforeMethod setup" time="0.0">
    <failure type="java.lang.NullPointerException">
      <![CDATA[java.lang.NullPointerException
at com.romanceabroad.ui.BaseUI.setup(BaseUI.java:57)
at java.base/java.util.ArrayList.forEach(ArrayList.java:1540)
at java.base/java.util.concurrent.FutureTask.run(FutureTask.java:264)
at java.base/java.util.concurrent.ThreadPoolExecutor.runWorker(ThreadPoolExecutor.java:1128)
at java.base/java.util.concurrent.ThreadPoolExecutor$Worker.run(ThreadPoolExecutor.java:628)
at java.base/java.lang.Thread.run(Thread.java:834)
... Removed 21 stack frames]]>
    </failure>
  </testcase> <!-- @BeforeMethod setup -->
  <testcase classname="com.romanceabroad.ui.BaseUI" name="@AfterMethod closeBrowser" time="-1.591760932172E9">
    <skipped/>
  </testcase> <!-- @AfterMethod closeBrowser -->
  <testcase classname="com.romanceabroad.ui.BaseUI" name="@BeforeMethod setup" time="0.0">
    <failure type="java.lang.NullPointerException">
      <![CDATA[java.lang.NullPointerException
at com.romanceabroad.ui.BaseUI.setup(BaseUI.java:57)
at java.base/java.util.ArrayList.forEach(ArrayList.java:1540)
at java.base/java.util.concurrent.FutureTask.run(FutureTask.java:264)
at java.base/java.util.concurrent.ThreadPoolExecutor.runWorker(ThreadPoolExecutor.java:1128)
at java.base/java.util.concurrent.ThreadPoolExecutor$Worker.run(ThreadPoolExecutor.java:628)
at java.base/java.lang.Thread.run(Thread.java:834)
... Removed 21 stack frames]]>
    </failure>
  </testcase> <!-- @BeforeMethod setup -->
  <testcase classname="com.romanceabroad.ui.BaseUI" name="@AfterMethod closeBrowser" time="-1.591760932173E9">
    <skipped/>
  </testcase> <!-- @AfterMethod closeBrowser -->
  <testcase classname="com.romanceabroad.ui.BaseUI" name="@BeforeMethod setup" time="0.0">
    <failure type="java.lang.NullPointerException">
      <![CDATA[java.lang.NullPointerException
at com.romanceabroad.ui.BaseUI.setup(BaseUI.java:57)
at java.base/java.util.ArrayList.forEach(ArrayList.java:1540)
at java.base/java.util.concurrent.FutureTask.run(FutureTask.java:264)
at java.base/java.util.concurrent.ThreadPoolExecutor.runWorker(ThreadPoolExecutor.java:1128)
at java.base/java.util.concurrent.ThreadPoolExecutor$Worker.run(ThreadPoolExecutor.java:628)
at java.base/java.lang.Thread.run(Thread.java:834)
... Removed 21 stack frames]]>
    </failure>
  </testcase> <!-- @BeforeMethod setup -->
  <testcase classname="com.romanceabroad.ui.BaseUI" name="@AfterMethod closeBrowser" time="-1.591760932175E9">
    <skipped/>
  </testcase> <!-- @AfterMethod closeBrowser -->
  <testcase classname="com.romanceabroad.ui.BaseUI" name="@BeforeMethod setup" time="0.0">
    <failure type="java.lang.NullPointerException">
      <![CDATA[java.lang.NullPointerException
at com.romanceabroad.ui.BaseUI.setup(BaseUI.java:57)
at java.base/java.util.ArrayList.forEach(ArrayList.java:1540)
at java.base/java.util.concurrent.FutureTask.run(FutureTask.java:264)
at java.base/java.util.concurrent.ThreadPoolExecutor.runWorker(ThreadPoolExecutor.java:1128)
at java.base/java.util.concurrent.ThreadPoolExecutor$Worker.run(ThreadPoolExecutor.java:628)
at java.base/java.lang.Thread.run(Thread.java:834)
... Removed 21 stack frames]]>
    </failure>
  </testcase> <!-- @BeforeMethod setup -->
  <testcase classname="com.romanceabroad.ui.BaseUI" name="@AfterMethod closeBrowser" time="-1.591760932176E9">
    <skipped/>
  </testcase> <!-- @AfterMethod closeBrowser -->
  <testcase classname="com.romanceabroad.ui.BaseUI" name="@BeforeMethod setup" time="0.0">
    <failure type="java.lang.NullPointerException">
      <![CDATA[java.lang.NullPointerException
at com.romanceabroad.ui.BaseUI.setup(BaseUI.java:57)
at java.base/java.util.ArrayList.forEach(ArrayList.java:1540)
at java.base/java.util.concurrent.FutureTask.run(FutureTask.java:264)
at java.base/java.util.concurrent.ThreadPoolExecutor.runWorker(ThreadPoolExecutor.java:1128)
at java.base/java.util.concurrent.ThreadPoolExecutor$Worker.run(ThreadPoolExecutor.java:628)
at java.base/java.lang.Thread.run(Thread.java:834)
... Removed 21 stack frames]]>
    </failure>
  </testcase> <!-- @BeforeMethod setup -->
  <testcase classname="com.romanceabroad.ui.BaseUI" name="@AfterMethod closeBrowser" time="-1.591760932178E9">
    <skipped/>
  </testcase> <!-- @AfterMethod closeBrowser -->
  <testcase classname="com.romanceabroad.ui.BaseUI" name="@BeforeMethod setup" time="0.001">
    <failure type="java.lang.NullPointerException">
      <![CDATA[java.lang.NullPointerException
at com.romanceabroad.ui.BaseUI.setup(BaseUI.java:57)
at java.base/java.util.ArrayList.forEach(ArrayList.java:1540)
at java.base/java.util.concurrent.FutureTask.run(FutureTask.java:264)
at java.base/java.util.concurrent.ThreadPoolExecutor.runWorker(ThreadPoolExecutor.java:1128)
at java.base/java.util.concurrent.ThreadPoolExecutor$Worker.run(ThreadPoolExecutor.java:628)
at java.base/java.lang.Thread.run(Thread.java:834)
... Removed 21 stack frames]]>
    </failure>
  </testcase> <!-- @BeforeMethod setup -->
  <testcase classname="com.romanceabroad.ui.BaseUI" name="@AfterMethod closeBrowser" time="-1.591760932179E9">
    <skipped/>
  </testcase> <!-- @AfterMethod closeBrowser -->
  <testcase classname="com.romanceabroad.ui.BaseUI" name="@BeforeMethod setup" time="0.0">
    <failure type="java.lang.NullPointerException">
      <![CDATA[java.lang.NullPointerException
at com.romanceabroad.ui.BaseUI.setup(BaseUI.java:57)
at java.base/java.util.ArrayList.forEach(ArrayList.java:1540)
at java.base/java.util.concurrent.FutureTask.run(FutureTask.java:264)
at java.base/java.util.concurrent.ThreadPoolExecutor.runWorker(ThreadPoolExecutor.java:1128)
at java.base/java.util.concurrent.ThreadPoolExecutor$Worker.run(ThreadPoolExecutor.java:628)
at java.base/java.lang.Thread.run(Thread.java:834)
... Removed 21 stack frames]]>
    </failure>
  </testcase> <!-- @BeforeMethod setup -->
  <testcase classname="com.romanceabroad.ui.BaseUI" name="@AfterMethod closeBrowser" time="-1.59176093218E9">
    <skipped/>
  </testcase> <!-- @AfterMethod closeBrowser -->
  <testcase classname="com.romanceabroad.ui.BaseUI" name="@BeforeMethod setup" time="0.001">
    <failure type="java.lang.NullPointerException">
      <![CDATA[java.lang.NullPointerException
at com.romanceabroad.ui.BaseUI.setup(BaseUI.java:57)
at java.base/java.util.ArrayList.forEach(ArrayList.java:1540)
at java.base/java.util.concurrent.FutureTask.run(FutureTask.java:264)
at java.base/java.util.concurrent.ThreadPoolExecutor.runWorker(ThreadPoolExecutor.java:1128)
at java.base/java.util.concurrent.ThreadPoolExecutor$Worker.run(ThreadPoolExecutor.java:628)
at java.base/java.lang.Thread.run(Thread.java:834)
... Removed 21 stack frames]]>
    </failure>
  </testcase> <!-- @BeforeMethod setup -->
  <testcase classname="com.romanceabroad.ui.BaseUI" name="@AfterMethod closeBrowser" time="-1.591760932183E9">
    <skipped/>
  </testcase> <!-- @AfterMethod closeBrowser -->
  <testcase classname="com.romanceabroad.ui.BaseUI" name="@BeforeMethod setup" time="0.0">
    <failure type="java.lang.NullPointerException">
      <![CDATA[java.lang.NullPointerException
at com.romanceabroad.ui.BaseUI.setup(BaseUI.java:57)
at java.base/java.util.ArrayList.forEach(ArrayList.java:1540)
at java.base/java.util.concurrent.FutureTask.run(FutureTask.java:264)
at java.base/java.util.concurrent.ThreadPoolExecutor.runWorker(ThreadPoolExecutor.java:1128)
at java.base/java.util.concurrent.ThreadPoolExecutor$Worker.run(ThreadPoolExecutor.java:628)
at java.base/java.lang.Thread.run(Thread.java:834)
... Removed 21 stack frames]]>
    </failure>
  </testcase> <!-- @BeforeMethod setup -->
  <testcase classname="com.romanceabroad.ui.BaseUI" name="@AfterMethod closeBrowser" time="-1.591760932185E9">
    <skipped/>
  </testcase> <!-- @AfterMethod closeBrowser -->
  <testcase classname="com.romanceabroad.ui.BaseUI" name="@BeforeMethod setup" time="0.0">
    <failure type="java.lang.NullPointerException">
      <![CDATA[java.lang.NullPointerException
at com.romanceabroad.ui.BaseUI.setup(BaseUI.java:57)
at java.base/java.util.ArrayList.forEach(ArrayList.java:1540)
at java.base/java.util.concurrent.FutureTask.run(FutureTask.java:264)
at java.base/java.util.concurrent.ThreadPoolExecutor.runWorker(ThreadPoolExecutor.java:1128)
at java.base/java.util.concurrent.ThreadPoolExecutor$Worker.run(ThreadPoolExecutor.java:628)
at java.base/java.lang.Thread.run(Thread.java:834)
... Removed 21 stack frames]]>
    </failure>
  </testcase> <!-- @BeforeMethod setup -->
  <testcase classname="com.romanceabroad.ui.BaseUI" name="@AfterMethod closeBrowser" time="-1.591760932186E9">
    <skipped/>
  </testcase> <!-- @AfterMethod closeBrowser -->
  <testcase classname="com.romanceabroad.ui.BaseUI" name="@BeforeMethod setup" time="0.001">
    <failure type="java.lang.NullPointerException">
      <![CDATA[java.lang.NullPointerException
at com.romanceabroad.ui.BaseUI.setup(BaseUI.java:57)
at java.base/java.util.ArrayList.forEach(ArrayList.java:1540)
at java.base/java.util.concurrent.FutureTask.run(FutureTask.java:264)
at java.base/java.util.concurrent.ThreadPoolExecutor.runWorker(ThreadPoolExecutor.java:1128)
at java.base/java.util.concurrent.ThreadPoolExecutor$Worker.run(ThreadPoolExecutor.java:628)
at java.base/java.lang.Thread.run(Thread.java:834)
... Removed 21 stack frames]]>
    </failure>
  </testcase> <!-- @BeforeMethod setup -->
  <testcase classname="com.romanceabroad.ui.BaseUI" name="@AfterMethod closeBrowser" time="-1.591760932189E9">
    <skipped/>
  </testcase> <!-- @AfterMethod closeBrowser -->
  <testcase classname="com.romanceabroad.ui.BaseUI" name="@BeforeMethod setup" time="0.0">
    <failure type="java.lang.NullPointerException">
      <![CDATA[java.lang.NullPointerException
at com.romanceabroad.ui.BaseUI.setup(BaseUI.java:57)
at java.base/java.util.ArrayList.forEach(ArrayList.java:1540)
at java.base/java.util.concurrent.FutureTask.run(FutureTask.java:264)
at java.base/java.util.concurrent.ThreadPoolExecutor.runWorker(ThreadPoolExecutor.java:1128)
at java.base/java.util.concurrent.ThreadPoolExecutor$Worker.run(ThreadPoolExecutor.java:628)
at java.base/java.lang.Thread.run(Thread.java:834)
... Removed 21 stack frames]]>
    </failure>
  </testcase> <!-- @BeforeMethod setup -->
  <testcase classname="com.romanceabroad.ui.BaseUI" name="@AfterMethod closeBrowser" time="-1.59176093219E9">
    <skipped/>
  </testcase> <!-- @AfterMethod closeBrowser -->
  <testcase classname="com.romanceabroad.ui.BaseUI" name="@BeforeMethod setup" time="0.001">
    <failure type="java.lang.NullPointerException">
      <![CDATA[java.lang.NullPointerException
at com.romanceabroad.ui.BaseUI.setup(BaseUI.java:57)
at java.base/java.util.ArrayList.forEach(ArrayList.java:1540)
at java.base/java.util.concurrent.FutureTask.run(FutureTask.java:264)
at java.base/java.util.concurrent.ThreadPoolExecutor.runWorker(ThreadPoolExecutor.java:1128)
at java.base/java.util.concurrent.ThreadPoolExecutor$Worker.run(ThreadPoolExecutor.java:628)
at java.base/java.lang.Thread.run(Thread.java:834)
... Removed 21 stack frames]]>
    </failure>
  </testcase> <!-- @BeforeMethod setup -->
  <testcase classname="com.romanceabroad.ui.BaseUI" name="@AfterMethod closeBrowser" time="-1.591760932193E9">
    <skipped/>
  </testcase> <!-- @AfterMethod closeBrowser -->
  <testcase classname="com.romanceabroad.ui.BaseUI" name="@BeforeMethod setup" time="0.001">
    <failure type="java.lang.NullPointerException">
      <![CDATA[java.lang.NullPointerException
at com.romanceabroad.ui.BaseUI.setup(BaseUI.java:57)
at java.base/java.util.ArrayList.forEach(ArrayList.java:1540)
at java.base/java.util.concurrent.FutureTask.run(FutureTask.java:264)
at java.base/java.util.concurrent.ThreadPoolExecutor.runWorker(ThreadPoolExecutor.java:1128)
at java.base/java.util.concurrent.ThreadPoolExecutor$Worker.run(ThreadPoolExecutor.java:628)
at java.base/java.lang.Thread.run(Thread.java:834)
... Removed 21 stack frames]]>
    </failure>
  </testcase> <!-- @BeforeMethod setup -->
  <testcase classname="com.romanceabroad.ui.BaseUI" name="@AfterMethod closeBrowser" time="-1.591760932195E9">
    <skipped/>
  </testcase> <!-- @AfterMethod closeBrowser -->
  <testcase classname="com.romanceabroad.ui.BaseUI" name="@BeforeMethod setup" time="0.0">
    <failure type="java.lang.NullPointerException">
      <![CDATA[java.lang.NullPointerException
at com.romanceabroad.ui.BaseUI.setup(BaseUI.java:57)
at java.base/java.util.ArrayList.forEach(ArrayList.java:1540)
at java.base/java.util.concurrent.FutureTask.run(FutureTask.java:264)
at java.base/java.util.concurrent.ThreadPoolExecutor.runWorker(ThreadPoolExecutor.java:1128)
at java.base/java.util.concurrent.ThreadPoolExecutor$Worker.run(ThreadPoolExecutor.java:628)
at java.base/java.lang.Thread.run(Thread.java:834)
... Removed 21 stack frames]]>
    </failure>
  </testcase> <!-- @BeforeMethod setup -->
  <testcase classname="com.romanceabroad.ui.BaseUI" name="@AfterMethod closeBrowser" time="-1.591760932196E9">
    <skipped/>
  </testcase> <!-- @AfterMethod closeBrowser -->
  <testcase classname="com.romanceabroad.ui.BaseUI" name="@BeforeMethod setup" time="0.001">
    <failure type="java.lang.NullPointerException">
      <![CDATA[java.lang.NullPointerException
at com.romanceabroad.ui.BaseUI.setup(BaseUI.java:57)
at java.base/java.util.ArrayList.forEach(ArrayList.java:1540)
at java.base/java.util.concurrent.FutureTask.run(FutureTask.java:264)
at java.base/java.util.concurrent.ThreadPoolExecutor.runWorker(ThreadPoolExecutor.java:1128)
at java.base/java.util.concurrent.ThreadPoolExecutor$Worker.run(ThreadPoolExecutor.java:628)
at java.base/java.lang.Thread.run(Thread.java:834)
... Removed 21 stack frames]]>
    </failure>
  </testcase> <!-- @BeforeMethod setup -->
  <testcase classname="com.romanceabroad.ui.BaseUI" name="@AfterMethod closeBrowser" time="-1.5917609322E9">
    <skipped/>
  </testcase> <!-- @AfterMethod closeBrowser -->
  <testcase classname="com.romanceabroad.ui.BaseUI" name="@BeforeMethod setup" time="0.001">
    <failure type="java.lang.NullPointerException">
      <![CDATA[java.lang.NullPointerException
at com.romanceabroad.ui.BaseUI.setup(BaseUI.java:57)
at java.base/java.util.ArrayList.forEach(ArrayList.java:1540)
at java.base/java.util.concurrent.FutureTask.run(FutureTask.java:264)
at java.base/java.util.concurrent.ThreadPoolExecutor.runWorker(ThreadPoolExecutor.java:1128)
at java.base/java.util.concurrent.ThreadPoolExecutor$Worker.run(ThreadPoolExecutor.java:628)
at java.base/java.lang.Thread.run(Thread.java:834)
... Removed 21 stack frames]]>
    </failure>
  </testcase> <!-- @BeforeMethod setup -->
  <testcase classname="com.romanceabroad.ui.BaseUI" name="@AfterMethod closeBrowser" time="-1.591760932202E9">
    <skipped/>
  </testcase> <!-- @AfterMethod closeBrowser -->
  <testcase classname="com.romanceabroad.ui.BaseUI" name="@BeforeMethod setup" time="0.0">
    <failure type="java.lang.NullPointerException">
      <![CDATA[java.lang.NullPointerException
at com.romanceabroad.ui.BaseUI.setup(BaseUI.java:57)
at java.base/java.util.ArrayList.forEach(ArrayList.java:1540)
at java.base/java.util.concurrent.FutureTask.run(FutureTask.java:264)
at java.base/java.util.concurrent.ThreadPoolExecutor.runWorker(ThreadPoolExecutor.java:1128)
at java.base/java.util.concurrent.ThreadPoolExecutor$Worker.run(ThreadPoolExecutor.java:628)
at java.base/java.lang.Thread.run(Thread.java:834)
... Removed 21 stack frames]]>
    </failure>
  </testcase> <!-- @BeforeMethod setup -->
  <testcase classname="com.romanceabroad.ui.BaseUI" name="@AfterMethod closeBrowser" time="-1.591760932204E9">
    <skipped/>
  </testcase> <!-- @AfterMethod closeBrowser -->
  <testcase classname="com.romanceabroad.ui.BaseUI" name="@BeforeMethod setup" time="0.001">
    <failure type="java.lang.NullPointerException">
      <![CDATA[java.lang.NullPointerException
at com.romanceabroad.ui.BaseUI.setup(BaseUI.java:57)
at java.base/java.util.ArrayList.forEach(ArrayList.java:1540)
at java.base/java.util.concurrent.FutureTask.run(FutureTask.java:264)
at java.base/java.util.concurrent.ThreadPoolExecutor.runWorker(ThreadPoolExecutor.java:1128)
at java.base/java.util.concurrent.ThreadPoolExecutor$Worker.run(ThreadPoolExecutor.java:628)
at java.base/java.lang.Thread.run(Thread.java:834)
... Removed 21 stack frames]]>
    </failure>
  </testcase> <!-- @BeforeMethod setup -->
  <testcase classname="com.romanceabroad.ui.BaseUI" name="@AfterMethod closeBrowser" time="-1.59176093221E9">
    <skipped/>
  </testcase> <!-- @AfterMethod closeBrowser -->
  <testcase classname="com.romanceabroad.ui.BaseUI" name="@BeforeMethod setup" time="0.0">
    <failure type="java.lang.NullPointerException">
      <![CDATA[java.lang.NullPointerException
at com.romanceabroad.ui.BaseUI.setup(BaseUI.java:57)
at java.base/java.util.ArrayList.forEach(ArrayList.java:1540)
at java.base/java.util.concurrent.FutureTask.run(FutureTask.java:264)
at java.base/java.util.concurrent.ThreadPoolExecutor.runWorker(ThreadPoolExecutor.java:1128)
at java.base/java.util.concurrent.ThreadPoolExecutor$Worker.run(ThreadPoolExecutor.java:628)
at java.base/java.lang.Thread.run(Thread.java:834)
... Removed 21 stack frames]]>
    </failure>
  </testcase> <!-- @BeforeMethod setup -->
  <testcase classname="com.romanceabroad.ui.BaseUI" name="@AfterMethod closeBrowser" time="-1.591760932211E9">
    <skipped/>
  </testcase> <!-- @AfterMethod closeBrowser -->
  <testcase classname="com.romanceabroad.ui.BaseUI" name="@BeforeMethod setup" time="0.0">
    <failure type="java.lang.NullPointerException">
      <![CDATA[java.lang.NullPointerException
at com.romanceabroad.ui.BaseUI.setup(BaseUI.java:57)
at java.base/java.util.ArrayList.forEach(ArrayList.java:1540)
at java.base/java.util.concurrent.FutureTask.run(FutureTask.java:264)
at java.base/java.util.concurrent.ThreadPoolExecutor.runWorker(ThreadPoolExecutor.java:1128)
at java.base/java.util.concurrent.ThreadPoolExecutor$Worker.run(ThreadPoolExecutor.java:628)
at java.base/java.lang.Thread.run(Thread.java:834)
... Removed 21 stack frames]]>
    </failure>
  </testcase> <!-- @BeforeMethod setup -->
  <testcase classname="com.romanceabroad.ui.BaseUI" name="@AfterMethod closeBrowser" time="-1.591760932212E9">
    <skipped/>
  </testcase> <!-- @AfterMethod closeBrowser -->
  <testcase classname="com.romanceabroad.ui.BaseUI" name="@BeforeMethod setup" time="0.0">
    <failure type="java.lang.NullPointerException">
      <![CDATA[java.lang.NullPointerException
at com.romanceabroad.ui.BaseUI.setup(BaseUI.java:57)
at java.base/java.util.ArrayList.forEach(ArrayList.java:1540)
at java.base/java.util.concurrent.FutureTask.run(FutureTask.java:264)
at java.base/java.util.concurrent.ThreadPoolExecutor.runWorker(ThreadPoolExecutor.java:1128)
at java.base/java.util.concurrent.ThreadPoolExecutor$Worker.run(ThreadPoolExecutor.java:628)
at java.base/java.lang.Thread.run(Thread.java:834)
... Removed 21 stack frames]]>
    </failure>
  </testcase> <!-- @BeforeMethod setup -->
  <testcase classname="com.romanceabroad.ui.BaseUI" name="@AfterMethod closeBrowser" time="-1.591760932213E9">
    <skipped/>
  </testcase> <!-- @AfterMethod closeBrowser -->
  <testcase classname="com.romanceabroad.ui.BaseUI" name="@BeforeMethod setup" time="0.001">
    <failure type="java.lang.NullPointerException">
      <![CDATA[java.lang.NullPointerException
at com.romanceabroad.ui.BaseUI.setup(BaseUI.java:57)
at java.base/java.util.ArrayList.forEach(ArrayList.java:1540)
at java.base/java.util.concurrent.FutureTask.run(FutureTask.java:264)
at java.base/java.util.concurrent.ThreadPoolExecutor.runWorker(ThreadPoolExecutor.java:1128)
at java.base/java.util.concurrent.ThreadPoolExecutor$Worker.run(ThreadPoolExecutor.java:628)
at java.base/java.lang.Thread.run(Thread.java:834)
... Removed 21 stack frames]]>
    </failure>
  </testcase> <!-- @BeforeMethod setup -->
  <testcase classname="com.romanceabroad.ui.BaseUI" name="@AfterMethod closeBrowser" time="-1.591760932215E9">
    <skipped/>
  </testcase> <!-- @AfterMethod closeBrowser -->
  <testcase classname="com.romanceabroad.ui.BaseUI" name="@BeforeMethod setup" time="0.001">
    <failure type="java.lang.NullPointerException">
      <![CDATA[java.lang.NullPointerException
at com.romanceabroad.ui.BaseUI.setup(BaseUI.java:57)
at java.base/java.util.ArrayList.forEach(ArrayList.java:1540)
at java.base/java.util.concurrent.FutureTask.run(FutureTask.java:264)
at java.base/java.util.concurrent.ThreadPoolExecutor.runWorker(ThreadPoolExecutor.java:1128)
at java.base/java.util.concurrent.ThreadPoolExecutor$Worker.run(ThreadPoolExecutor.java:628)
at java.base/java.lang.Thread.run(Thread.java:834)
... Removed 21 stack frames]]>
    </failure>
  </testcase> <!-- @BeforeMethod setup -->
  <testcase classname="com.romanceabroad.ui.BaseUI" name="@AfterMethod closeBrowser" time="-1.591760932217E9">
    <skipped/>
  </testcase> <!-- @AfterMethod closeBrowser -->
  <testcase classname="com.romanceabroad.ui.BaseUI" name="@BeforeMethod setup" time="0.002">
    <failure type="java.lang.NullPointerException">
      <![CDATA[java.lang.NullPointerException
at com.romanceabroad.ui.BaseUI.setup(BaseUI.java:57)
at java.base/java.util.ArrayList.forEach(ArrayList.java:1540)
at java.base/java.util.concurrent.FutureTask.run(FutureTask.java:264)
at java.base/java.util.concurrent.ThreadPoolExecutor.runWorker(ThreadPoolExecutor.java:1128)
at java.base/java.util.concurrent.ThreadPoolExecutor$Worker.run(ThreadPoolExecutor.java:628)
at java.base/java.lang.Thread.run(Thread.java:834)
... Removed 21 stack frames]]>
    </failure>
  </testcase> <!-- @BeforeMethod setup -->
  <testcase classname="com.romanceabroad.ui.BaseUI" name="@AfterMethod closeBrowser" time="-1.591760932222E9">
    <skipped/>
  </testcase> <!-- @AfterMethod closeBrowser -->
  <testcase classname="com.romanceabroad.ui.BaseUI" name="@BeforeMethod setup" time="0.0">
    <failure type="java.lang.NullPointerException">
      <![CDATA[java.lang.NullPointerException
at com.romanceabroad.ui.BaseUI.setup(BaseUI.java:57)
at java.base/java.util.ArrayList.forEach(ArrayList.java:1540)
at java.base/java.util.concurrent.FutureTask.run(FutureTask.java:264)
at java.base/java.util.concurrent.ThreadPoolExecutor.runWorker(ThreadPoolExecutor.java:1128)
at java.base/java.util.concurrent.ThreadPoolExecutor$Worker.run(ThreadPoolExecutor.java:628)
at java.base/java.lang.Thread.run(Thread.java:834)
... Removed 21 stack frames]]>
    </failure>
  </testcase> <!-- @BeforeMethod setup -->
  <testcase classname="com.romanceabroad.ui.BaseUI" name="@AfterMethod closeBrowser" time="-1.591760932224E9">
    <skipped/>
  </testcase> <!-- @AfterMethod closeBrowser -->
  <testcase classname="com.romanceabroad.ui.BaseUI" name="@BeforeMethod setup" time="0.001">
    <failure type="java.lang.NullPointerException">
      <![CDATA[java.lang.NullPointerException
at com.romanceabroad.ui.BaseUI.setup(BaseUI.java:57)
at java.base/java.util.ArrayList.forEach(ArrayList.java:1540)
at java.base/java.util.concurrent.FutureTask.run(FutureTask.java:264)
at java.base/java.util.concurrent.ThreadPoolExecutor.runWorker(ThreadPoolExecutor.java:1128)
at java.base/java.util.concurrent.ThreadPoolExecutor$Worker.run(ThreadPoolExecutor.java:628)
at java.base/java.lang.Thread.run(Thread.java:834)
... Removed 21 stack frames]]>
    </failure>
  </testcase> <!-- @BeforeMethod setup -->
  <testcase classname="com.romanceabroad.ui.BaseUI" name="@AfterMethod closeBrowser" time="-1.591760932225E9">
    <skipped/>
  </testcase> <!-- @AfterMethod closeBrowser -->
  <testcase classname="com.romanceabroad.ui.RegistrationTests" name="testBoolean" time="0.0">
    <skipped/>
  </testcase> <!-- testBoolean -->
  <testcase classname="com.romanceabroad.ui.SignInTest" name="testSignInTestCase1" time="0.0">
    <skipped/>
  </testcase> <!-- testSignInTestCase1 -->
  <testcase classname="com.romanceabroad.ui.PrettyWomenTest" name="testSplit" time="0.0">
    <skipped/>
  </testcase> <!-- testSplit -->
  <testcase classname="com.romanceabroad.ui.SignInTest" name="testSignInTestCase1" time="0.0">
    <skipped/>
  </testcase> <!-- testSignInTestCase1 -->
  <testcase classname="com.romanceabroad.ui.PrettyWomenTest" name="testSplit" time="0.098">
    <failure type="java.lang.NullPointerException">
      <![CDATA[java.lang.NullPointerException
at org.monte.screenrecorder.ScreenRecorder.waitUntilMouseCaptureStopped(ScreenRecorder.java:816)
at org.monte.screenrecorder.ScreenRecorder.stop(ScreenRecorder.java:1221)
at com.automation.remarks.video.recorder.MonteScreenRecorder.stop(MonteScreenRecorder.java:85)
at com.automation.remarks.video.recorder.VideoRecorder.stop(VideoRecorder.java:43)
at com.automation.remarks.testng.VideoListener.afterInvocation(VideoListener.java:43)
at java.base/java.util.ArrayList.forEach(ArrayList.java:1540)
at java.base/java.util.concurrent.FutureTask.run(FutureTask.java:264)
at java.base/java.util.concurrent.ThreadPoolExecutor.runWorker(ThreadPoolExecutor.java:1128)
at java.base/java.util.concurrent.ThreadPoolExecutor$Worker.run(ThreadPoolExecutor.java:628)
at java.base/java.lang.Thread.run(Thread.java:834)
... Removed 17 stack frames]]>
    </failure>
  </testcase> <!-- testSplit -->
  <testcase classname="com.romanceabroad.ui.MainPageTests" name="checkTabsTestCase10" time="0.0">
    <skipped/>
  </testcase> <!-- checkTabsTestCase10 -->
  <testcase classname="com.romanceabroad.ui.MainPageTests" name="checkTabsTestCase10" time="0.0">
    <skipped/>
  </testcase> <!-- checkTabsTestCase10 -->
  <testcase classname="com.romanceabroad.ui.BlogPageTest" name="testBlogPageTestCase27" time="0.0">
    <skipped/>
  </testcase> <!-- testBlogPageTestCase27 -->
  <testcase classname="com.romanceabroad.ui.BlogPageTest" name="testBlogPageTestCase27" time="0.0">
    <skipped/>
  </testcase> <!-- testBlogPageTestCase27 -->
  <testcase classname="com.romanceabroad.ui.ContactUsPageTest" name="testContactUsPageTestCase23" time="0.0">
    <skipped/>
  </testcase> <!-- testContactUsPageTestCase23 -->
  <testcase classname="com.romanceabroad.ui.ContactUsPageTest" name="testContactUsPageTestCase23" time="0.0">
    <skipped/>
  </testcase> <!-- testContactUsPageTestCase23 -->
  <testcase classname="com.romanceabroad.ui.GiftsTest" name="testGiftsPageTestCase20" time="0.0">
    <skipped/>
  </testcase> <!-- testGiftsPageTestCase20 -->
  <testcase classname="com.romanceabroad.ui.GiftsTest" name="testGiftsPageTestCase20" time="0.0">
    <skipped/>
  </testcase> <!-- testGiftsPageTestCase20 -->
  <testcase classname="com.romanceabroad.ui.PhotosPageTest" name="testPhotosPageTestCase8" time="0.0">
    <skipped/>
  </testcase> <!-- testPhotosPageTestCase8 -->
  <testcase classname="com.romanceabroad.ui.PhotosPageTest" name="testPhotosPageTestCase8" time="0.0">
    <skipped/>
  </testcase> <!-- testPhotosPageTestCase8 -->
  <testcase classname="com.romanceabroad.ui.PrettyWomenTest" name="testPrettyWomenPageTestCase3" time="0.0">
    <skipped/>
  </testcase> <!-- testPrettyWomenPageTestCase3 -->
  <testcase classname="com.romanceabroad.ui.RegistrationTests" name="testRegistration2" time="0.162">
    <failure type="java.lang.NullPointerException">
      <![CDATA[java.lang.NullPointerException
at org.monte.screenrecorder.ScreenRecorder.stop(ScreenRecorder.java:1232)
at com.automation.remarks.video.recorder.MonteScreenRecorder.stop(MonteScreenRecorder.java:85)
at com.automation.remarks.video.recorder.VideoRecorder.stop(VideoRecorder.java:43)
at com.automation.remarks.testng.VideoListener.afterInvocation(VideoListener.java:43)
at java.base/java.util.ArrayList.forEach(ArrayList.java:1540)
at java.base/java.util.concurrent.FutureTask.run(FutureTask.java:264)
at java.base/java.util.concurrent.ThreadPoolExecutor.runWorker(ThreadPoolExecutor.java:1128)
at java.base/java.util.concurrent.ThreadPoolExecutor$Worker.run(ThreadPoolExecutor.java:628)
at java.base/java.lang.Thread.run(Thread.java:834)
... Removed 17 stack frames]]>
    </failure>
  </testcase> <!-- testRegistration2 -->
  <testcase classname="com.romanceabroad.ui.PrettyWomenTest" name="testPrettyWomenPageTestCase3" time="0.0">
    <skipped/>
  </testcase> <!-- testPrettyWomenPageTestCase3 -->
  <testcase classname="com.romanceabroad.ui.MainPageTests" name="checkLinksWithAssertionsTestCase11" time="0.0">
    <skipped/>
  </testcase> <!-- checkLinksWithAssertionsTestCase11 -->
  <testcase classname="com.romanceabroad.ui.RegistrationTests" name="testRegistration2" time="0.0">
    <skipped/>
  </testcase> <!-- testRegistration2 -->
  <testcase classname="com.romanceabroad.ui.PhotosPageTest" name="checkPhotosListTestCase9" time="0.0">
    <skipped/>
  </testcase> <!-- checkPhotosListTestCase9 -->
  <testcase classname="com.romanceabroad.ui.RegistrationTests" name="testRegistration2" time="0.0">
    <skipped/>
  </testcase> <!-- testRegistration2 -->
  <testcase classname="com.romanceabroad.ui.BlogPageTest" name="testArticlesAndTitlesTestCase28" time="0.0">
    <skipped/>
  </testcase> <!-- testArticlesAndTitlesTestCase28 -->
  <testcase classname="com.romanceabroad.ui.RegistrationTests" name="testRegistration2" time="0.0">
    <skipped/>
  </testcase> <!-- testRegistration2 -->
  <testcase classname="com.romanceabroad.ui.RegistrationTests" name="testRegistrationForInvalidEmailTestCase31" time="0.0">
    <skipped/>
  </testcase> <!-- testRegistrationForInvalidEmailTestCase31 -->
  <testcase classname="com.romanceabroad.ui.MainPageTests" name="checkLinksWithAssertionsTestCase11" time="0.0">
    <skipped/>
  </testcase> <!-- checkLinksWithAssertionsTestCase11 -->
  <testcase classname="com.romanceabroad.ui.PrettyWomenTest" name="testSearchByAgeTestCase4" time="0.0">
    <skipped/>
  </testcase> <!-- testSearchByAgeTestCase4 -->
  <testcase classname="com.romanceabroad.ui.GiftsTest" name="testSelectionOfBestsellersTestCase21" time="0.0">
    <skipped/>
  </testcase> <!-- testSelectionOfBestsellersTestCase21 -->
  <testcase classname="com.romanceabroad.ui.PhotosPageTest" name="checkPhotosListTestCase9" time="0.0">
    <skipped/>
  </testcase> <!-- checkPhotosListTestCase9 -->
  <testcase classname="com.romanceabroad.ui.ContactUsPageTest" name="verifySelectReasonDropDownTestCase24" time="0.0">
    <skipped/>
  </testcase> <!-- verifySelectReasonDropDownTestCase24 -->
  <testcase classname="com.romanceabroad.ui.BlogPageTest" name="testArticlesAndTitlesTestCase28" time="0.0">
    <skipped/>
  </testcase> <!-- testArticlesAndTitlesTestCase28 -->
  <testcase classname="com.romanceabroad.ui.RegistrationTests" name="testRegistrationForInvalidEmailTestCase31" time="0.0">
    <skipped/>
  </testcase> <!-- testRegistrationForInvalidEmailTestCase31 -->
  <testcase classname="com.romanceabroad.ui.PrettyWomenTest" name="testSearchByAgeTestCase4" time="0.0">
    <skipped/>
  </testcase> <!-- testSearchByAgeTestCase4 -->
  <testcase classname="com.romanceabroad.ui.MainPageTests" name="checkTabsNamesTestCase12" time="0.0">
    <skipped/>
  </testcase> <!-- checkTabsNamesTestCase12 -->
  <testcase classname="com.romanceabroad.ui.GiftsTest" name="testSelectionOfBestsellersTestCase21" time="0.0">
    <skipped/>
  </testcase> <!-- testSelectionOfBestsellersTestCase21 -->
  <testcase classname="com.romanceabroad.ui.PrettyWomenTest" name="testDropDownViewOptionsTestCase5" time="0.0">
    <skipped/>
  </testcase> <!-- testDropDownViewOptionsTestCase5 -->
  <testcase classname="com.romanceabroad.ui.ContactUsPageTest" name="verifySelectReasonDropDownTestCase24" time="0.0">
    <skipped/>
  </testcase> <!-- verifySelectReasonDropDownTestCase24 -->
  <testcase classname="com.romanceabroad.ui.BlogPageTest" name="testLinksBlogPageTestCase29" time="0.0">
    <skipped/>
  </testcase> <!-- testLinksBlogPageTestCase29 -->
  <testcase classname="com.romanceabroad.ui.MainPageTests" name="checkTabsNamesTestCase12" time="0.0">
    <skipped/>
  </testcase> <!-- checkTabsNamesTestCase12 -->
  <testcase classname="com.romanceabroad.ui.RegistrationTests" name="testRegistrationForExistingUserTestCase32" time="0.0">
    <skipped/>
  </testcase> <!-- testRegistrationForExistingUserTestCase32 -->
  <testcase classname="com.romanceabroad.ui.PrettyWomenTest" name="testDropDownViewOptionsTestCase5" time="0.0">
    <skipped/>
  </testcase> <!-- testDropDownViewOptionsTestCase5 -->
  <testcase classname="com.romanceabroad.ui.GiftsTest" name="testSelectionOfRegularGiftsTestCase22" time="0.0">
    <skipped/>
  </testcase> <!-- testSelectionOfRegularGiftsTestCase22 -->
  <testcase classname="com.romanceabroad.ui.BlogPageTest" name="testLinksBlogPageTestCase29" time="0.0">
    <skipped/>
  </testcase> <!-- testLinksBlogPageTestCase29 -->
  <testcase classname="com.romanceabroad.ui.PhotosPageTest" name="testUserTabs" time="0.0">
    <skipped/>
  </testcase> <!-- testUserTabs -->
  <testcase classname="com.romanceabroad.ui.ContactUsPageTest" name="verifyDropDownListTestCase25" time="0.0">
    <skipped/>
  </testcase> <!-- verifyDropDownListTestCase25 -->
  <testcase classname="com.romanceabroad.ui.RegistrationTests" name="testRegistrationForExistingUserTestCase32" time="0.0">
    <skipped/>
  </testcase> <!-- testRegistrationForExistingUserTestCase32 -->
  <testcase classname="com.romanceabroad.ui.ContactUsPageTest" name="fillOutContactAdministratorForm" time="0.0">
    <skipped/>
  </testcase> <!-- fillOutContactAdministratorForm -->
  <testcase classname="com.romanceabroad.ui.PrettyWomenTest" name="selectRandomDropDownListTestCase6" time="0.0">
    <skipped/>
  </testcase> <!-- selectRandomDropDownListTestCase6 -->
  <testcase classname="com.romanceabroad.ui.GiftsTest" name="testSelectionOfRegularGiftsTestCase22" time="0.0">
    <skipped/>
  </testcase> <!-- testSelectionOfRegularGiftsTestCase22 -->
  <testcase classname="com.romanceabroad.ui.PhotosPageTest" name="testUserTabsWithMoreVerifications" time="0.0">
    <skipped/>
  </testcase> <!-- testUserTabsWithMoreVerifications -->
  <testcase classname="com.romanceabroad.ui.PhotosPageTest" name="testUserTabs" time="0.0">
    <skipped/>
  </testcase> <!-- testUserTabs -->
  <testcase classname="com.romanceabroad.ui.MainPageTests" name="verifyIFrameSizeOnMainPageTestCase13" time="0.0">
    <skipped/>
  </testcase> <!-- verifyIFrameSizeOnMainPageTestCase13 -->
  <testcase classname="com.romanceabroad.ui.ContactUsPageTest" name="verifyDropDownListTestCase25" time="0.0">
    <skipped/>
  </testcase> <!-- verifyDropDownListTestCase25 -->
  <testcase classname="com.romanceabroad.ui.ContactUsPageTest" name="fillOutContactAdministratorFormTestCase26" time="0.0">
    <skipped/>
  </testcase> <!-- fillOutContactAdministratorFormTestCase26 -->
  <testcase classname="com.romanceabroad.ui.PrettyWomenTest" name="selectDropDownListByAgeMinTestCase7" time="0.0">
    <skipped/>
  </testcase> <!-- selectDropDownListByAgeMinTestCase7 -->
  <testcase classname="com.romanceabroad.ui.ContactUsPageTest" name="fillOutContactAdministratorForm" time="0.0">
    <skipped/>
  </testcase> <!-- fillOutContactAdministratorForm -->
  <testcase classname="com.romanceabroad.ui.MainPageTests" name="testMainPageIFrameTestCase14" time="0.0">
    <skipped/>
  </testcase> <!-- testMainPageIFrameTestCase14 -->
  <testcase classname="com.romanceabroad.ui.PrettyWomenTest" name="selectRandomDropDownListTestCase6" time="0.0">
    <skipped/>
  </testcase> <!-- selectRandomDropDownListTestCase6 -->
  <testcase classname="com.romanceabroad.ui.PhotosPageTest" name="testUserTabsWithMoreVerifications" time="0.0">
    <skipped/>
  </testcase> <!-- testUserTabsWithMoreVerifications -->
  <testcase classname="com.romanceabroad.ui.RegistrationTests" name="testRegistration1" time="0.0">
    <skipped/>
  </testcase> <!-- testRegistration1 -->
  <testcase classname="com.romanceabroad.ui.RegistrationTests" name="testRegistration1" time="0.0">
    <skipped/>
  </testcase> <!-- testRegistration1 -->
  <testcase classname="com.romanceabroad.ui.MainPageTests" name="verifyIFrameSizeOnMainPageTestCase13" time="0.0">
    <skipped/>
  </testcase> <!-- verifyIFrameSizeOnMainPageTestCase13 -->
  <testcase classname="com.romanceabroad.ui.ContactUsPageTest" name="fillOutContactAdministratorFormTestCase26" time="0.0">
    <skipped/>
  </testcase> <!-- fillOutContactAdministratorFormTestCase26 -->
  <testcase classname="com.romanceabroad.ui.PhotosPageTest" name="testUserTabs2" time="0.0">
    <skipped/>
  </testcase> <!-- testUserTabs2 -->
  <testcase classname="com.romanceabroad.ui.PrettyWomenTest" name="selectDropDownListByAgeMinTestCase7" time="0.0">
    <skipped/>
  </testcase> <!-- selectDropDownListByAgeMinTestCase7 -->
  <testcase classname="com.romanceabroad.ui.PrettyWomenTest" name="searchDifferentResultsTestCase30" time="0.0">
    <skipped/>
  </testcase> <!-- searchDifferentResultsTestCase30 -->
  <testcase classname="com.romanceabroad.ui.MainPageTests" name="testMainPageIFrameTestCase14" time="0.0">
    <skipped/>
  </testcase> <!-- testMainPageIFrameTestCase14 -->
  <testcase classname="com.romanceabroad.ui.PrettyWomenTest" name="searchDifferentResultsTestCase30" time="0.0">
    <skipped/>
  </testcase> <!-- searchDifferentResultsTestCase30 -->
  <testcase classname="com.romanceabroad.ui.RegistrationTests" name="testRegistration1" time="0.0">
    <skipped/>
  </testcase> <!-- testRegistration1 -->
  <testcase classname="com.romanceabroad.ui.RegistrationTests" name="testRegistration1" time="0.0">
    <skipped/>
  </testcase> <!-- testRegistration1 -->
  <testcase classname="com.romanceabroad.ui.PrettyWomenTest" name="searchDifferentResultsTestCase30" time="0.0">
    <skipped/>
  </testcase> <!-- searchDifferentResultsTestCase30 -->
  <testcase classname="com.romanceabroad.ui.PrettyWomenTest" name="searchDifferentResultsTestCase30" time="0.0">
    <skipped/>
  </testcase> <!-- searchDifferentResultsTestCase30 -->
  <testcase classname="com.romanceabroad.ui.PhotosPageTest" name="testUserTabs2" time="0.0">
    <skipped/>
  </testcase> <!-- testUserTabs2 -->
  <testcase classname="com.romanceabroad.ui.MainPageTests" name="testBookNowTestCase15" time="0.0">
    <skipped/>
  </testcase> <!-- testBookNowTestCase15 -->
  <testcase classname="com.romanceabroad.ui.PrettyWomenTest" name="searchDifferentResultsTestCase30" time="0.0">
    <skipped/>
  </testcase> <!-- searchDifferentResultsTestCase30 -->
  <testcase classname="com.romanceabroad.ui.PhotosPageTest" name="testUserTabs3" time="0.0">
    <skipped/>
  </testcase> <!-- testUserTabs3 -->
  <testcase classname="com.romanceabroad.ui.PrettyWomenTest" name="searchDifferentResultsTestCase30" time="0.0">
    <skipped/>
  </testcase> <!-- searchDifferentResultsTestCase30 -->
  <testcase classname="com.romanceabroad.ui.MainPageTests" name="testDiscountAlertTestCase16" time="0.0">
    <skipped/>
  </testcase> <!-- testDiscountAlertTestCase16 -->
  <testcase classname="com.romanceabroad.ui.PrettyWomenTest" name="searchDifferentResultsTestCase30" time="0.0">
    <skipped/>
  </testcase> <!-- searchDifferentResultsTestCase30 -->
  <testcase classname="com.romanceabroad.ui.PrettyWomenTest" name="searchDifferentResultsTestCase30" time="0.0">
    <skipped/>
  </testcase> <!-- searchDifferentResultsTestCase30 -->
  <testcase classname="com.romanceabroad.ui.PrettyWomenTest" name="testUserProfile" time="0.0">
    <skipped/>
  </testcase> <!-- testUserProfile -->
  <testcase classname="com.romanceabroad.ui.MainPageTests" name="testBookNowTestCase15" time="0.0">
    <skipped/>
  </testcase> <!-- testBookNowTestCase15 -->
  <testcase classname="com.romanceabroad.ui.PrettyWomenTest" name="testFooter" time="0.0">
    <skipped/>
  </testcase> <!-- testFooter -->
  <testcase classname="com.romanceabroad.ui.PhotosPageTest" name="testUserTabs3" time="0.0">
    <skipped/>
  </testcase> <!-- testUserTabs3 -->
  <testcase classname="com.romanceabroad.ui.PrettyWomenTest" name="testFooter" time="0.0">
    <skipped/>
  </testcase> <!-- testFooter -->
  <testcase classname="com.romanceabroad.ui.PrettyWomenTest" name="testFooter" time="0.0">
    <skipped/>
  </testcase> <!-- testFooter -->
  <testcase classname="com.romanceabroad.ui.MainPageTests" name="testDiscountAlertTestCase16" time="0.0">
    <skipped/>
  </testcase> <!-- testDiscountAlertTestCase16 -->
  <testcase classname="com.romanceabroad.ui.PrettyWomenTest" name="testFooter" time="0.0">
    <skipped/>
  </testcase> <!-- testFooter -->
  <testcase classname="com.romanceabroad.ui.PrettyWomenTest" name="testUserProfile" time="0.0">
    <skipped/>
  </testcase> <!-- testUserProfile -->
  <testcase classname="com.romanceabroad.ui.PrettyWomenTest" name="testFooter" time="0.0">
    <skipped/>
  </testcase> <!-- testFooter -->
  <testcase classname="com.romanceabroad.ui.PrettyWomenTest" name="testFooter" time="0.0">
    <skipped/>
  </testcase> <!-- testFooter -->
  <testcase classname="com.romanceabroad.ui.MainPageTests" name="verifyRomanceAbroadHeaderTestCase17" time="0.0">
    <skipped/>
  </testcase> <!-- verifyRomanceAbroadHeaderTestCase17 -->
  <testcase classname="com.romanceabroad.ui.PrettyWomenTest" name="testFooter" time="0.0">
    <skipped/>
  </testcase> <!-- testFooter -->
  <testcase classname="com.romanceabroad.ui.PrettyWomenTest" name="testFooter" time="0.0">
    <skipped/>
  </testcase> <!-- testFooter -->
  <testcase classname="com.romanceabroad.ui.PrettyWomenTest" name="testFooter" time="0.0">
    <skipped/>
  </testcase> <!-- testFooter -->
  <testcase classname="com.romanceabroad.ui.MainPageTests" name="smokeTestMainPageTestCase19" time="0.0">
    <skipped/>
  </testcase> <!-- smokeTestMainPageTestCase19 -->
  <testcase classname="com.romanceabroad.ui.MainPageTests" name="testLinksOnMainPageTestCase18" time="0.0">
    <skipped/>
  </testcase> <!-- testLinksOnMainPageTestCase18 -->
  <testcase classname="com.romanceabroad.ui.PrettyWomenTest" name="testFooter" time="0.0">
    <skipped/>
  </testcase> <!-- testFooter -->
  <testcase classname="com.romanceabroad.ui.PrettyWomenTest" name="testFooter" time="0.0">
    <skipped/>
  </testcase> <!-- testFooter -->
  <testcase classname="com.romanceabroad.ui.PrettyWomenTest" name="testFooter" time="0.0">
    <skipped/>
  </testcase> <!-- testFooter -->
  <testcase classname="com.romanceabroad.ui.MainPageTests" name="verifyRomanceAbroadHeaderTestCase17" time="0.0">
    <skipped/>
  </testcase> <!-- verifyRomanceAbroadHeaderTestCase17 -->
  <testcase classname="com.romanceabroad.ui.MainPageTests" name="smokeTestMainPageTestCase19" time="0.0">
    <skipped/>
  </testcase> <!-- smokeTestMainPageTestCase19 -->
  <testcase classname="com.romanceabroad.ui.MainPageTests" name="testLinksOnMainPageTestCase18" time="0.0">
    <skipped/>
  </testcase> <!-- testLinksOnMainPageTestCase18 -->
</testsuite> <!-- Edge test cases -->
