<?xml version="1.0" encoding="UTF-8"?>
<!-- Generated by org.testng.reporters.JUnitXMLReporter -->
<testsuite ignored="0" hostname="Anaras-MacBook-Pro.local" failures="0" tests="5" name="iPhone X test cases" time="37.562" errors="0" timestamp="2020-06-10T21:12:01 PDT">
  <testcase classname="com.romanceabroad.ui.RegistrationTests" name="testBoolean" time="0.0"/>
  <testcase classname="com.romanceabroad.ui.RegistrationTests" name="testRegistrationForInvalidEmailTestCase31" time="0.388"/>
  <testcase classname="com.romanceabroad.ui.RegistrationTests" name="testRegistrationForExistingUserTestCase32" time="1.611"/>
  <testcase classname="com.romanceabroad.ui.RegistrationTests" name="testRegistration1" time="5.75"/>
  <testcase classname="com.romanceabroad.ui.RegistrationTests" name="testRegistration1" time="5.698"/>
</testsuite> <!-- iPhone X test cases -->
