<?xml version="1.0" encoding="UTF-8"?>
<!-- Generated by org.testng.reporters.JUnitXMLReporter -->
<testsuite ignored="0" hostname="Anaras-MacBook-Pro.local" failures="1" tests="4" name="IE test cases" time="4.234" errors="0" timestamp="2020-06-10T14:18:14 PDT">
  <testcase classname="com.romanceabroad.ui.BaseUI" name="@BeforeMethod setup" time="0.001">
    <failure type="java.lang.NullPointerException">
      <![CDATA[java.lang.NullPointerException
at com.romanceabroad.ui.BaseUI.setup(BaseUI.java:57)
at java.base/java.util.ArrayList.forEach(ArrayList.java:1540)
at java.base/java.util.concurrent.FutureTask.run(FutureTask.java:264)
at java.base/java.util.concurrent.ThreadPoolExecutor.runWorker(ThreadPoolExecutor.java:1128)
at java.base/java.util.concurrent.ThreadPoolExecutor$Worker.run(ThreadPoolExecutor.java:628)
at java.base/java.lang.Thread.run(Thread.java:834)
... Removed 21 stack frames]]>
    </failure>
  </testcase> <!-- @BeforeMethod setup -->
  <testcase classname="com.romanceabroad.ui.BaseUI" name="@AfterMethod closeBrowser" time="-1.59182389444E9">
    <skipped/>
  </testcase> <!-- @AfterMethod closeBrowser -->
  <testcase classname="com.romanceabroad.ui.BaseUI" name="@BeforeMethod setup" time="0.002">
    <failure type="java.lang.NullPointerException">
      <![CDATA[java.lang.NullPointerException
at com.romanceabroad.ui.BaseUI.setup(BaseUI.java:57)
at java.base/java.util.ArrayList.forEach(ArrayList.java:1540)
at java.base/java.util.concurrent.FutureTask.run(FutureTask.java:264)
at java.base/java.util.concurrent.ThreadPoolExecutor.runWorker(ThreadPoolExecutor.java:1128)
at java.base/java.util.concurrent.ThreadPoolExecutor$Worker.run(ThreadPoolExecutor.java:628)
at java.base/java.lang.Thread.run(Thread.java:834)
... Removed 21 stack frames]]>
    </failure>
  </testcase> <!-- @BeforeMethod setup -->
  <testcase classname="com.romanceabroad.ui.BaseUI" name="@BeforeMethod setup" time="0.0">
    <failure type="java.lang.NullPointerException">
      <![CDATA[java.lang.NullPointerException
at com.romanceabroad.ui.BaseUI.setup(BaseUI.java:57)
at java.base/java.util.ArrayList.forEach(ArrayList.java:1540)
at java.base/java.util.concurrent.FutureTask.run(FutureTask.java:264)
at java.base/java.util.concurrent.ThreadPoolExecutor.runWorker(ThreadPoolExecutor.java:1128)
at java.base/java.util.concurrent.ThreadPoolExecutor$Worker.run(ThreadPoolExecutor.java:628)
at java.base/java.lang.Thread.run(Thread.java:834)
... Removed 21 stack frames]]>
    </failure>
  </testcase> <!-- @BeforeMethod setup -->
  <testcase classname="com.romanceabroad.ui.BaseUI" name="@AfterMethod closeBrowser" time="-1.591823894444E9">
    <skipped/>
  </testcase> <!-- @AfterMethod closeBrowser -->
  <testcase classname="com.romanceabroad.ui.BaseUI" name="@BeforeMethod setup" time="0.002">
    <failure type="java.lang.NullPointerException">
      <![CDATA[java.lang.NullPointerException
at com.romanceabroad.ui.BaseUI.setup(BaseUI.java:57)
at java.base/java.util.ArrayList.forEach(ArrayList.java:1540)
at java.base/java.util.concurrent.FutureTask.run(FutureTask.java:264)
at java.base/java.util.concurrent.ThreadPoolExecutor.runWorker(ThreadPoolExecutor.java:1128)
at java.base/java.util.concurrent.ThreadPoolExecutor$Worker.run(ThreadPoolExecutor.java:628)
at java.base/java.lang.Thread.run(Thread.java:834)
... Removed 21 stack frames]]>
    </failure>
  </testcase> <!-- @BeforeMethod setup -->
  <testcase classname="com.romanceabroad.ui.BaseUI" name="@AfterMethod closeBrowser" time="-1.591823894446E9">
    <skipped/>
  </testcase> <!-- @AfterMethod closeBrowser -->
  <testcase classname="com.romanceabroad.ui.PhotosPageTest" name="testPhotosPageTestCase8" time="0.733">
    <failure type="java.lang.NullPointerException">
      <![CDATA[java.lang.NullPointerException
at org.monte.screenrecorder.ScreenRecorder.stop(ScreenRecorder.java:1232)
at com.automation.remarks.video.recorder.MonteScreenRecorder.stop(MonteScreenRecorder.java:85)
at com.automation.remarks.video.recorder.VideoRecorder.stop(VideoRecorder.java:43)
at com.automation.remarks.testng.VideoListener.afterInvocation(VideoListener.java:43)
at java.base/java.util.ArrayList.forEach(ArrayList.java:1540)
at java.base/java.util.concurrent.FutureTask.run(FutureTask.java:264)
at java.base/java.util.concurrent.ThreadPoolExecutor.runWorker(ThreadPoolExecutor.java:1128)
at java.base/java.util.concurrent.ThreadPoolExecutor$Worker.run(ThreadPoolExecutor.java:628)
at java.base/java.lang.Thread.run(Thread.java:834)
... Removed 17 stack frames]]>
    </failure>
  </testcase> <!-- testPhotosPageTestCase8 -->
  <testcase classname="com.romanceabroad.ui.MainPageTests" name="verifyRomanceAbroadHeaderTestCase17" time="0.0">
    <skipped/>
  </testcase> <!-- verifyRomanceAbroadHeaderTestCase17 -->
  <testcase classname="com.romanceabroad.ui.MainPageTests" name="smokeTestMainPageTestCase19" time="0.0">
    <skipped/>
  </testcase> <!-- smokeTestMainPageTestCase19 -->
  <testcase classname="com.romanceabroad.ui.MainPageTests" name="testLinksOnMainPageTestCase18" time="0.0">
    <skipped/>
  </testcase> <!-- testLinksOnMainPageTestCase18 -->
</testsuite> <!-- IE test cases -->
